Library/Bee/Android/Prj/IL2CPP/Gradle/unityLibrary/build/intermediates/manifest_merge_blame_file/release/manifest-merger-blame-release-report.txt
1<?xml version="1.0" encoding="utf-8"?>
2<manifest xmlns:android="http://schemas.android.com/apk/res/android"
3    xmlns:tools="http://schemas.android.com/tools"
4    package="com.unity3d.player"
5    android:installLocation="auto" >
6
7    <uses-sdk
8        android:minSdkVersion="23"
8-->src/main/AndroidManifest.xml
9        android:targetSdkVersion="32" />
9-->src/main/AndroidManifest.xml
10
11    <uses-feature android:glEsVersion="0x00030000" />
11-->src/main/AndroidManifest.xml:3:3-52
11-->src/main/AndroidManifest.xml:3:17-49
12    <uses-feature
12-->src/main/AndroidManifest.xml:4:3-88
13        android:name="android.hardware.touchscreen"
13-->src/main/AndroidManifest.xml:4:17-60
14        android:required="false" />
14-->src/main/AndroidManifest.xml:4:61-85
15    <uses-feature
15-->src/main/AndroidManifest.xml:27:3-111
16        android:name="android.hardware.vr.headtracking"
16-->src/main/AndroidManifest.xml:27:17-64
17        android:required="true"
17-->src/main/AndroidManifest.xml:27:65-88
18        android:version="1" />
18-->src/main/AndroidManifest.xml:27:89-108
19
20    <application android:extractNativeLibs="true" >
20-->src/main/AndroidManifest.xml:5:3-26:17
20-->src/main/AndroidManifest.xml:5:16-48
21        <meta-data
21-->src/main/AndroidManifest.xml:6:5-69
22            android:name="unity.splash-mode"
22-->src/main/AndroidManifest.xml:6:16-48
23            android:value="0" />
23-->src/main/AndroidManifest.xml:6:49-66
24        <meta-data
24-->src/main/AndroidManifest.xml:7:5-74
25            android:name="unity.splash-enable"
25-->src/main/AndroidManifest.xml:7:16-50
26            android:value="True" />
26-->src/main/AndroidManifest.xml:7:51-71
27        <meta-data
27-->src/main/AndroidManifest.xml:8:5-78
28            android:name="unity.launch-fullscreen"
28-->src/main/AndroidManifest.xml:8:16-54
29            android:value="True" />
29-->src/main/AndroidManifest.xml:8:55-75
30        <meta-data
30-->src/main/AndroidManifest.xml:9:5-81
31            android:name="notch.config"
31-->src/main/AndroidManifest.xml:9:16-43
32            android:value="portrait|landscape" />
32-->src/main/AndroidManifest.xml:9:44-78
33        <meta-data
33-->src/main/AndroidManifest.xml:10:5-84
34            android:name="unity.auto-report-fully-drawn"
34-->src/main/AndroidManifest.xml:10:16-60
35            android:value="true" />
35-->src/main/AndroidManifest.xml:10:61-81
36
37        <activity
37-->src/main/AndroidManifest.xml:11:5-20:16
38            android:name="com.unity3d.player.UnityPlayerActivity"
38-->src/main/AndroidManifest.xml:11:15-68
39            android:configChanges="keyboard|keyboardHidden|navigation|orientation|screenLayout|screenSize|uiMode"
39-->src/main/AndroidManifest.xml:11:204-305
40            android:exported="true"
40-->src/main/AndroidManifest.xml:11:377-400
41            android:hardwareAccelerated="false"
41-->src/main/AndroidManifest.xml:11:341-376
42            android:launchMode="singleTask"
42-->src/main/AndroidManifest.xml:11:172-203
43            android:resizeableActivity="false"
43-->src/main/AndroidManifest.xml:11:306-340
44            android:screenOrientation="landscape"
44-->src/main/AndroidManifest.xml:11:134-171
45            android:theme="@android:style/Theme.Black.NoTitleBar.Fullscreen" >
45-->src/main/AndroidManifest.xml:11:69-133
46            <intent-filter>
46-->src/main/AndroidManifest.xml:12:7-16:23
47                <category android:name="android.intent.category.LAUNCHER" />
47-->src/main/AndroidManifest.xml:13:9-69
47-->src/main/AndroidManifest.xml:13:19-66
48
49                <action android:name="android.intent.action.MAIN" />
49-->src/main/AndroidManifest.xml:14:9-61
49-->src/main/AndroidManifest.xml:14:17-58
50
51                <category android:name="com.oculus.intent.category.VR" />
51-->src/main/AndroidManifest.xml:15:9-66
51-->src/main/AndroidManifest.xml:15:19-63
52            </intent-filter>
53
54            <meta-data
54-->src/main/AndroidManifest.xml:17:7-82
55                android:name="unityplayer.UnityActivity"
55-->src/main/AndroidManifest.xml:17:18-58
56                android:value="true" />
56-->src/main/AndroidManifest.xml:17:59-79
57            <meta-data
57-->src/main/AndroidManifest.xml:18:7-70
58                android:name="notch_support"
58-->src/main/AndroidManifest.xml:18:18-46
59                android:value="true" />
59-->src/main/AndroidManifest.xml:18:47-67
60            <meta-data
60-->src/main/AndroidManifest.xml:19:7-81
61                android:name="com.oculus.vr.focusaware"
61-->src/main/AndroidManifest.xml:19:18-57
62                android:value="true" />
62-->src/main/AndroidManifest.xml:19:58-78
63        </activity>
64
65        <meta-data
65-->src/main/AndroidManifest.xml:21:5-97
66            android:name="com.samsung.android.vr.application.mode"
66-->src/main/AndroidManifest.xml:21:16-70
67            android:value="vr_only" />
67-->src/main/AndroidManifest.xml:21:71-94
68        <meta-data
68-->src/main/AndroidManifest.xml:22:5-91
69            android:name="com.unity.xr.oculus.LowOverheadMode"
69-->src/main/AndroidManifest.xml:22:16-66
70            android:value="false" />
70-->src/main/AndroidManifest.xml:22:67-88
71        <meta-data
71-->src/main/AndroidManifest.xml:23:5-88
72            android:name="com.unity.xr.oculus.LateLatching"
72-->src/main/AndroidManifest.xml:23:16-63
73            android:value="false" />
73-->src/main/AndroidManifest.xml:23:64-85
74        <meta-data
74-->src/main/AndroidManifest.xml:24:5-93
75            android:name="com.unity.xr.oculus.LateLatchingDebug"
75-->src/main/AndroidManifest.xml:24:16-68
76            android:value="false" />
76-->src/main/AndroidManifest.xml:24:69-90
77        <meta-data
77-->src/main/AndroidManifest.xml:25:5-84
78            android:name="com.oculus.supportedDevices"
78-->src/main/AndroidManifest.xml:25:16-58
79            android:value="quest2" />
79-->src/main/AndroidManifest.xml:25:59-81
80    </application>
81
82</manifest>